2025-06-26 11:32:01,948 - __main__ - INFO - Google Sheets認証に成功しました
2025-06-26 11:32:01,948 - __main__ - INFO - スクレイピング開始: キーワード='サプリ', 最大記事数=50
2025-06-26 11:32:01,948 - __main__ - INFO - キーワード 'サプリ' で検索開始（最大50件）
2025-06-26 11:32:02,115 - __main__ - INFO - ページ 1: 40件の新しい記事を発見（累計: 40件）
2025-06-26 11:32:03,249 - __main__ - INFO - ページ 2: 0件の新しい記事を発見（累計: 40件）
2025-06-26 11:32:04,393 - __main__ - INFO - ページ 3: 0件の新しい記事を発見（累計: 40件）
2025-06-26 11:32:05,538 - __main__ - INFO - ページ 4: 0件の新しい記事を発見（累計: 40件）
2025-06-26 11:32:06,661 - __main__ - INFO - ページ 5: 0件の新しい記事を発見（累計: 40件）
2025-06-26 11:32:07,809 - __main__ - INFO - ページ 6: 0件の新しい記事を発見（累計: 40件）
2025-06-26 11:32:08,937 - __main__ - INFO - ページ 7: 0件の新しい記事を発見（累計: 40件）
2025-06-26 11:32:10,093 - __main__ - INFO - ページ 8: 0件の新しい記事を発見（累計: 40件）
2025-06-26 11:32:11,222 - __main__ - INFO - ページ 9: 0件の新しい記事を発見（累計: 40件）
2025-06-26 11:32:12,353 - __main__ - INFO - ページ 10: 0件の新しい記事を発見（累計: 40件）
2025-06-26 11:32:13,353 - __main__ - INFO - 検索完了: 合計 40 件の記事URLを収集
2025-06-26 11:32:13,354 - __main__ - INFO - 処理中: 1/40 - https://prtimes.jp/main/html/rd/p/000000039.000100778.html
2025-06-26 11:32:13,386 - __main__ - INFO -   会社名: 株式会社ハニーマザー
2025-06-26 11:32:13,386 - __main__ - INFO -   信頼度: 0.82
2025-06-26 11:32:14,525 - __main__ - INFO - 処理中: 2/40 - https://prtimes.jp/main/html/rd/p/000001550.000006302.html
2025-06-26 11:32:14,655 - __main__ - INFO -   会社名: H1GLOBAL株式会社
2025-06-26 11:32:14,655 - __main__ - INFO -   Email: info@malulani.tv
2025-06-26 11:32:14,655 - __main__ - INFO -   TEL: 03-6433-5723
2025-06-26 11:32:14,655 - __main__ - INFO -   信頼度: 0.88
2025-06-26 11:32:15,155 - __main__ - INFO - 処理中: 3/40 - https://prtimes.jp/main/html/rd/p/000005909.000052467.html
2025-06-26 11:32:15,290 - __main__ - INFO -   会社名: 東京都
2025-06-26 11:32:15,290 - __main__ - INFO -   信頼度: 0.82
2025-06-26 11:32:15,791 - __main__ - INFO - 処理中: 4/40 - https://prtimes.jp/main/html/rd/p/000000067.000037237.html
2025-06-26 11:32:15,904 - __main__ - INFO -   会社名: コーレ株式会社
2025-06-26 11:32:15,904 - __main__ - INFO -   信頼度: 0.82
2025-06-26 11:32:16,404 - __main__ - INFO - 処理中: 5/40 - https://prtimes.jp/main/html/rd/p/000001541.000006302.html
2025-06-26 11:32:16,530 - __main__ - INFO -   会社名: H1GLOBAL株式会社
2025-06-26 11:32:16,530 - __main__ - INFO -   Email: info@malulani.tv
2025-06-26 11:32:16,530 - __main__ - INFO -   TEL: 03-6433-5723
2025-06-26 11:32:16,530 - __main__ - INFO -   信頼度: 0.88
2025-06-26 11:32:18,530 - __main__ - INFO - 処理中: 6/40 - https://prtimes.jp/main/html/rd/p/000000156.000061950.html
2025-06-26 11:32:19,165 - __main__ - INFO - 処理中: 7/40 - https://prtimes.jp/main/html/rd/p/000000002.000156041.html
2025-06-26 11:32:19,821 - __main__ - INFO - 処理中: 8/40 - https://prtimes.jp/main/html/rd/p/000000007.000151931.html
2025-06-26 11:32:20,353 - __main__ - INFO - 処理中: 9/40 - https://prtimes.jp/main/html/rd/p/000001547.000006302.html
2025-06-26 11:32:20,985 - __main__ - INFO - 処理中: 10/40 - https://prtimes.jp/main/html/rd/p/000000089.000037884.html
2025-06-26 11:32:23,095 - __main__ - INFO - 処理中: 11/40 - https://prtimes.jp/main/html/rd/p/000000026.000049551.html
2025-06-26 11:32:23,755 - __main__ - INFO - 処理中: 12/40 - https://prtimes.jp/main/html/rd/p/000000011.000088788.html
2025-06-26 11:32:24,367 - __main__ - INFO - 処理中: 13/40 - https://prtimes.jp/main/html/rd/p/000000012.000059328.html
2025-06-26 11:32:25,003 - __main__ - INFO - 処理中: 14/40 - https://prtimes.jp/main/html/rd/p/000000003.000161227.html
2025-06-26 11:32:25,632 - __main__ - INFO - 処理中: 15/40 - https://prtimes.jp/main/html/rd/p/000000032.000104976.html
2025-06-26 11:32:27,760 - __main__ - INFO - 処理中: 16/40 - https://prtimes.jp/main/html/rd/p/000000002.000160225.html
2025-06-26 11:32:28,385 - __main__ - INFO - 処理中: 17/40 - https://prtimes.jp/main/html/rd/p/000000341.000017263.html
2025-06-26 11:32:29,093 - __main__ - INFO - 処理中: 18/40 - https://prtimes.jp/main/html/rd/p/000000124.000064894.html
2025-06-26 11:32:29,727 - __main__ - INFO - 処理中: 19/40 - https://prtimes.jp/main/html/rd/p/000000257.000117216.html
2025-06-26 11:32:30,365 - __main__ - INFO - 処理中: 20/40 - https://prtimes.jp/main/html/rd/p/000000176.000077777.html
2025-06-26 11:32:32,472 - __main__ - INFO - 処理中: 21/40 - https://prtimes.jp/main/html/rd/p/000000303.000058547.html
2025-06-26 11:32:33,100 - __main__ - INFO - 処理中: 22/40 - https://prtimes.jp/main/html/rd/p/000000141.000030601.html
2025-06-26 11:32:33,707 - __main__ - INFO - 処理中: 23/40 - https://prtimes.jp/main/html/rd/p/000000034.000138078.html
2025-06-26 11:32:34,320 - __main__ - INFO - 処理中: 24/40 - https://prtimes.jp/main/html/rd/p/000000005.000150848.html
2025-06-26 11:32:34,924 - __main__ - INFO - 処理中: 25/40 - https://prtimes.jp/main/html/rd/p/000000007.000151566.html
2025-06-26 11:32:37,035 - __main__ - INFO - 処理中: 26/40 - https://prtimes.jp/main/html/rd/p/000000592.000001551.html
2025-06-26 11:32:37,642 - __main__ - INFO - 処理中: 27/40 - https://prtimes.jp/main/html/rd/p/000000549.000003563.html
2025-06-26 11:32:38,252 - __main__ - INFO - 処理中: 28/40 - https://prtimes.jp/main/html/rd/p/000000364.000085143.html
2025-06-26 11:32:38,857 - __main__ - INFO - 処理中: 29/40 - https://prtimes.jp/main/html/rd/p/000001537.000006302.html
2025-06-26 11:32:39,525 - __main__ - INFO - 処理中: 30/40 - https://prtimes.jp/main/html/rd/p/000000067.000134543.html
2025-06-26 11:32:41,640 - __main__ - INFO - 処理中: 31/40 - https://prtimes.jp/main/html/rd/p/000000170.000037149.html
2025-06-26 11:32:42,267 - __main__ - INFO - 処理中: 32/40 - https://prtimes.jp/main/html/rd/p/000000011.000123469.html
2025-06-26 11:32:42,879 - __main__ - INFO - 処理中: 33/40 - https://prtimes.jp/main/html/rd/p/000001515.000006302.html
2025-06-26 11:32:43,495 - __main__ - INFO - 処理中: 34/40 - https://prtimes.jp/main/html/rd/p/000001514.000006302.html
2025-06-26 11:32:44,123 - __main__ - INFO - 処理中: 35/40 - https://prtimes.jp/main/html/rd/p/000000055.000038100.html
2025-06-26 11:32:46,229 - __main__ - INFO - 処理中: 36/40 - https://prtimes.jp/main/html/rd/p/000000056.000038100.html
2025-06-26 11:32:47,533 - __main__ - INFO - 処理中: 37/40 - https://prtimes.jp/main/html/rd/p/000000096.000010318.html
2025-06-26 11:32:48,169 - __main__ - INFO - 処理中: 38/40 - https://prtimes.jp/main/html/rd/p/000000008.000107917.html
2025-06-26 11:32:48,809 - __main__ - INFO - 処理中: 39/40 - https://prtimes.jp/main/html/rd/p/000001536.000006302.html
2025-06-26 11:32:49,445 - __main__ - INFO - 処理中: 40/40 - https://prtimes.jp/main/html/rd/p/000000048.000072040.html
2025-06-26 11:32:51,560 - __main__ - INFO - スクレイピング完了: 40件のデータを抽出
2025-06-26 11:32:51,565 - __main__ - INFO - CSVファイルに保存しました: prtimes_v2_data.csv (40件)
2025-06-26 11:32:52,223 - __main__ - ERROR - Google Sheetsへの書き込み中にエラーが発生しました: 
2025-06-26 11:32:52,224 - __main__ - INFO - 
==================================================
2025-06-26 11:32:52,224 - __main__ - INFO - スクレイピング結果レポート
2025-06-26 11:32:52,224 - __main__ - INFO - ==================================================
2025-06-26 11:32:52,225 - __main__ - INFO - 総記事数: 40件
2025-06-26 11:32:52,225 - __main__ - INFO - メールアドレス取得: 18件 (45.0%)
2025-06-26 11:32:52,225 - __main__ - INFO - 電話番号取得: 14件 (35.0%)
2025-06-26 11:32:52,225 - __main__ - INFO - 担当者名取得: 40件 (100.0%)
2025-06-26 11:32:52,225 - __main__ - INFO - 平均信頼度: 0.85
2025-06-26 11:32:52,225 - __main__ - INFO - 高信頼度データ: 40件 (100.0%)
2025-06-26 11:32:52,225 - __main__ - INFO - Google Sheets保存: 失敗
2025-06-26 11:32:52,226 - __main__ - INFO - ==================================================
